Arguments: 
  /usr/local/bin/node /usr/local/bin/yarn

PATH: 
  /usr/local/bin:/usr/local/sbin:/usr/local/bin:/usr/bin:/bin:/usr/sbin:/sbin:/Library/Apple/usr/bin:/Users/liuhaoyu/.rvm/bin

Yarn version: 
  1.22.10

Node version: 
  14.17.5

Platform: 
  darwin x64

Trace: 
  Error: https://registry.yarnpkg.com/eslint-plugin-jsx-a11y: ESOCKETTIMEDOUT
      at ClientRequest.<anonymous> (/usr/local/lib/node_modules/yarn/lib/cli.js:141289:19)
      at Object.onceWrapper (events.js:519:28)
      at ClientRequest.emit (events.js:400:28)
      at TLSSocket.emitRequestTimeout (_http_client.js:790:9)
      at Object.onceWrapper (events.js:519:28)
      at TLSSocket.emit (events.js:412:35)
      at TLSSocket.Socket._onTimeout (net.js:484:8)
      at listOnTimeout (internal/timers.js:557:17)
      at processTimers (internal/timers.js:500:7)

npm manifest: 
  {
    "name": "icwallet-web",
    "version": "0.1.0",
    "private": true,
    "dependencies": {
      "@babel/core": "7.12.3",
      "@emotion/react": "^11.6.0",
      "@emotion/styled": "^11.6.0",
      "@material-ui/core": "^5.0.0-beta.5",
      "@pmmmwh/react-refresh-webpack-plugin": "0.4.3",
      "@svgr/webpack": "5.5.0",
      "@testing-library/jest-dom": "^5.11.4",
      "@testing-library/react": "^11.1.0",
      "@testing-library/user-event": "^12.1.10",
      "@typescript-eslint/eslint-plugin": "^4.5.0",
      "@typescript-eslint/parser": "^4.5.0",
      "babel-eslint": "^10.1.0",
      "babel-jest": "^26.6.0",
      "babel-loader": "8.1.0",
      "babel-plugin-named-asset-import": "^0.3.7",
      "babel-preset-react-app": "^10.0.0",
      "bfj": "^7.0.2",
      "camelcase": "^6.1.0",
      "case-sensitive-paths-webpack-plugin": "2.3.0",
      "css-loader": "4.3.0",
      "dotenv": "8.2.0",
      "dotenv-expand": "5.1.0",
      "element-react": "^1.4.34",
      "element-theme-default": "^1.4.13",
      "eslint": "^7.11.0",
      "eslint-config-react-app": "^6.0.0",
      "eslint-plugin-flowtype": "^5.2.0",
      "eslint-plugin-import": "^2.22.1",
      "eslint-plugin-jest": "^24.1.0",
      "eslint-plugin-jsx-a11y": "^6.3.1",
      "eslint-plugin-react": "^7.21.5",
      "eslint-plugin-react-hooks": "^4.2.0",
      "eslint-plugin-testing-library": "^3.9.2",
      "eslint-webpack-plugin": "^2.5.2",
      "file-loader": "6.1.1",
      "fs-extra": "^9.0.1",
      "html-webpack-plugin": "4.5.0",
      "identity-obj-proxy": "3.0.0",
      "jest": "26.6.0",
      "jest-circus": "26.6.0",
      "jest-resolve": "26.6.0",
      "jest-watch-typeahead": "0.6.1",
      "mini-css-extract-plugin": "0.11.3",
      "node-sass": "^4.14.1",
      "optimize-css-assets-webpack-plugin": "5.0.4",
      "pnp-webpack-plugin": "1.6.4",
      "postcss-flexbugs-fixes": "4.2.1",
      "postcss-loader": "3.0.0",
      "postcss-normalize": "8.0.1",
      "postcss-preset-env": "6.7.0",
      "postcss-safe-parser": "5.0.2",
      "prompts": "2.4.0",
      "react": "^17.0.2",
      "react-app-polyfill": "^2.0.0",
      "react-dev-utils": "^11.0.3",
      "react-dom": "^17.0.2",
      "react-hot-loader": "^4.13.0",
      "react-intl": "^5.22.0",
      "react-refresh": "^0.8.3",
      "resolve": "1.18.1",
      "resolve-url-loader": "^3.1.2",
      "sass-loader": "^10.0.5",
      "semver": "7.3.2",
      "style-loader": "1.3.0",
      "terser-webpack-plugin": "4.2.3",
      "ts-pnp": "1.2.0",
      "url-loader": "4.1.1",
      "web-vitals": "^1.0.1",
      "webpack": "4.44.2",
      "webpack-dev-server": "3.11.1",
      "webpack-manifest-plugin": "2.2.0",
      "workbox-webpack-plugin": "5.1.4"
    },
    "scripts": {
      "start": "node scripts/start.js",
      "build": "node scripts/build.js",
      "test": "node scripts/test.js"
    },
    "eslintConfig": {
      "extends": [
        "react-app",
        "react-app/jest"
      ]
    },
    "browserslist": {
      "production": [
        ">0.2%",
        "not dead",
        "not op_mini all"
      ],
      "development": [
        "last 1 chrome version",
        "last 1 firefox version",
        "last 1 safari version"
      ]
    },
    "jest": {
      "roots": [
        "<rootDir>/src"
      ],
      "collectCoverageFrom": [
        "src/**/*.{js,jsx,ts,tsx}",
        "!src/**/*.d.ts"
      ],
      "setupFiles": [
        "react-app-polyfill/jsdom"
      ],
      "setupFilesAfterEnv": [
        "<rootDir>/src/setupTests.js"
      ],
      "testMatch": [
        "<rootDir>/src/**/__tests__/**/*.{js,jsx,ts,tsx}",
        "<rootDir>/src/**/*.{spec,test}.{js,jsx,ts,tsx}"
      ],
      "testEnvironment": "jsdom",
      "testRunner": "/Users/liuhaoyu/Desktop/icwallet-web/node_modules/jest-circus/runner.js",
      "transform": {
        "^.+\\.(js|jsx|mjs|cjs|ts|tsx)$": "<rootDir>/config/jest/babelTransform.js",
        "^.+\\.css$": "<rootDir>/config/jest/cssTransform.js",
        "^(?!.*\\.(js|jsx|mjs|cjs|ts|tsx|css|json)$)": "<rootDir>/config/jest/fileTransform.js"
      },
      "transformIgnorePatterns": [
        "[/\\\\]node_modules[/\\\\].+\\.(js|jsx|mjs|cjs|ts|tsx)$",
        "^.+\\.module\\.(css|sass|scss)$"
      ],
      "modulePaths": [],
      "moduleNameMapper": {
        "^react-native$": "react-native-web",
        "^.+\\.module\\.(css|sass|scss)$": "identity-obj-proxy",
        "^src/(.*)$": "<rootDir>/src/$1"
      },
      "moduleFileExtensions": [
        "web.js",
        "js",
        "web.ts",
        "ts",
        "web.tsx",
        "tsx",
        "json",
        "web.jsx",
        "jsx",
        "node"
      ],
      "watchPlugins": [
        "jest-watch-typeahead/filename",
        "jest-watch-typeahead/testname"
      ],
      "resetMocks": true
    },
    "babel": {
      "presets": [
        "react-app"
      ]
    }
  }

yarn manifest: 
  No manifest

Lockfile: 
  No lockfile
